[debug] [2025-05-04T17:48:29.973Z] ----------------------------------------------------------------------
[debug] [2025-05-04T17:48:29.975Z] Command:       /home/drunk/.nvm/versions/node/v22.15.0/bin/node /usr/local/bin/firebase init
[debug] [2025-05-04T17:48:29.975Z] CLI Version:   14.2.2
[debug] [2025-05-04T17:48:29.975Z] Platform:      linux
[debug] [2025-05-04T17:48:29.975Z] Node Version:  v22.15.0
[debug] [2025-05-04T17:48:29.976Z] Time:          Sun May 04 2025 23:18:29 GMT+0530 (India Standard Time)
[debug] [2025-05-04T17:48:29.976Z] ----------------------------------------------------------------------
[debug] 
[debug] [2025-05-04T17:48:29.979Z] > command requires scopes: ["email","openid","https://www.googleapis.com/auth/cloudplatformprojects.readonly","https://www.googleapis.com/auth/firebase","https://www.googleapis.com/auth/cloud-platform"]
[debug] [2025-05-04T17:48:29.980Z] > authorizing via signed-in user (khbikram9@gmail.com)
[info] 
     ######## #### ########  ######## ########     ###     ######  ########
     ##        ##  ##     ## ##       ##     ##  ##   ##  ##       ##
     ######    ##  ########  ######   ########  #########  ######  ######
     ##        ##  ##    ##  ##       ##     ## ##     ##       ## ##
     ##       #### ##     ## ######## ########  ##     ##  ######  ########

You're about to initialize a Firebase project in this directory:

  /home/drunk/Desktop/StudyNotes_web_app

[info] 
=== Project Setup
[info] 
[info] First, let's associate this project directory with a Firebase project.
[info] You can create multiple project aliases by running firebase use --add, 
[info] but for now we'll just set up a default project.
[info] 
[debug] [2025-05-04T17:49:46.467Z] Checked if tokens are valid: true, expires at: 1746384444321
[debug] [2025-05-04T17:49:46.468Z] Checked if tokens are valid: true, expires at: 1746384444321
[debug] [2025-05-04T17:49:46.470Z] >>> [apiv2][query] GET https://firebase.googleapis.com/v1beta1/projects pageSize=100
[debug] [2025-05-04T17:49:47.471Z] <<< [apiv2][status] GET https://firebase.googleapis.com/v1beta1/projects 200
[debug] [2025-05-04T17:49:47.472Z] <<< [apiv2][body] GET https://firebase.googleapis.com/v1beta1/projects [omitted]
[info] i  Using project studynotesapp-b9809 (StudyNotesApp) 
[info] 
=== Hosting Setup
[debug] [2025-05-04T17:49:56.558Z] Checked if tokens are valid: true, expires at: 1746384444321
[debug] [2025-05-04T17:49:56.558Z] Checked if tokens are valid: true, expires at: 1746384444321
[debug] [2025-05-04T17:49:56.559Z] >>> [apiv2][query] GET https://firebase.googleapis.com/v1beta1/projects/studynotesapp-b9809 [none]
[debug] [2025-05-04T17:49:57.498Z] <<< [apiv2][status] GET https://firebase.googleapis.com/v1beta1/projects/studynotesapp-b9809 200
[debug] [2025-05-04T17:49:57.499Z] <<< [apiv2][body] GET https://firebase.googleapis.com/v1beta1/projects/studynotesapp-b9809 {"projectId":"studynotesapp-b9809","projectNumber":"390921766322","displayName":"StudyNotesApp","name":"projects/studynotesapp-b9809","resources":{"hostingSite":"studynotesapp-b9809"},"state":"ACTIVE","etag":"1_b6cc53c2-5242-4e68-8265-0ca2b1ce34d5"}
[info] 
[info] Your public directory is the folder (relative to your project directory) that
[info] will contain Hosting assets to be uploaded with firebase deploy. If you
[info] have a build process for your assets, use your build's output directory.
[info] 
[info] ✔  Wrote public/404.html 
[debug] [2025-05-04T17:50:47.574Z] >>> [apiv2][query] GET https://www.gstatic.com/firebasejs/releases.json [none]
[debug] [2025-05-04T17:50:47.773Z] <<< [apiv2][status] GET https://www.gstatic.com/firebasejs/releases.json 200
[debug] [2025-05-04T17:50:47.774Z] <<< [apiv2][body] GET https://www.gstatic.com/firebasejs/releases.json {"current":{"version":"11.6.1","browserURL":"https://www.gstatic.com/firebasejs/11.6.1/firebase.js","packageURL":"https://www.gstatic.com/firebasejs/11.6.1/firebase.tgz"},"live":{"version":"11.6","browserURL":"https://www.gstatic.com/firebasejs/live/11.6/firebase.js","packageURL":"https://www.gstatic.com/firebasejs/live/11.6/firebase.tgz"},"components":{"analytics":"https://www.gstatic.com/firebasejs/11.6.1/firebase-analytics.js","app":"https://www.gstatic.com/firebasejs/11.6.1/firebase-app.js","app-check":"https://www.gstatic.com/firebasejs/11.6.1/firebase-app-check.js","auth":"https://www.gstatic.com/firebasejs/11.6.1/firebase-auth.js","auth/cordova":"https://www.gstatic.com/firebasejs/11.6.1/firebase-auth/cordova.js","auth/web-extension":"https://www.gstatic.com/firebasejs/11.6.1/firebase-auth/web-extension.js","functions":"https://www.gstatic.com/firebasejs/11.6.1/firebase-functions.js","firestore":"https://www.gstatic.com/firebasejs/11.6.1/firebase-firestore.js","firestore/lite":"https://www.gstatic.com/firebasejs/11.6.1/firebase-firestore/lite.js","installations":"https://www.gstatic.com/firebasejs/11.6.1/firebase-installations.js","storage":"https://www.gstatic.com/firebasejs/11.6.1/firebase-storage.js","performance":"https://www.gstatic.com/firebasejs/11.6.1/firebase-performance.js","remote-config":"https://www.gstatic.com/firebasejs/11.6.1/firebase-remote-config.js","messaging":"https://www.gstatic.com/firebasejs/11.6.1/firebase-messaging.js","messaging/sw":"https://www.gstatic.com/firebasejs/11.6.1/firebase-messaging/sw.js","database":"https://www.gstatic.com/firebasejs/11.6.1/firebase-database.js","vertexai":"https://www.gstatic.com/firebasejs/11.6.1/firebase-vertexai.js","data-connect":"https://www.gstatic.com/firebasejs/11.6.1/firebase-data-connect.js","firestore.memory":"https://www.gstatic.com/firebasejs/11.6.1/firebase-firestore.memory.js"}}
[info] ✔  Wrote public/index.html 
[info] 
[info] i  Didn't detect a .git folder. Assuming /home/drunk/Desktop/StudyNotes_web_app is the project root. 
[info] i  Authorizing with GitHub to upload your service account to a GitHub repository's secrets store. 
[info] 
[info] Visit this URL on this device to log in:
[info] https://github.com/login/oauth/authorize?client_id=89cf50f02ac6aaed3484&state=195310601&redirect_uri=http%3A%2F%2Flocalhost%3A9005&scope=read%3Auser%20repo%20public_repo
[info] 
[info] Waiting for authentication...
[debug] [2025-05-04T17:51:06.239Z] >>> [apiv2][query] POST https://github.com/login/oauth/access_token [none]
[debug] [2025-05-04T17:51:06.240Z] >>> [apiv2][body] POST https://github.com/login/oauth/access_token [stream]
[debug] [2025-05-04T17:51:06.778Z] <<< [apiv2][status] POST https://github.com/login/oauth/access_token 200
[debug] [2025-05-04T17:51:06.779Z] <<< [apiv2][body] POST https://github.com/login/oauth/access_token {"access_token":"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","token_type":"bearer","scope":"read:user,repo"}
[debug] [2025-05-04T17:51:06.786Z] >>> [apiv2][query] GET https://api.github.com/user [none]
[debug] [2025-05-04T17:51:07.343Z] <<< [apiv2][status] GET https://api.github.com/user 200
[debug] [2025-05-04T17:51:07.343Z] <<< [apiv2][body] GET https://api.github.com/user {"login":"khbikram","id":84201611,"node_id":"MDQ6VXNlcjg0MjAxNjEx","avatar_url":"https://avatars.githubusercontent.com/u/84201611?v=4","gravatar_id":"","url":"https://api.github.com/users/khbikram","html_url":"https://github.com/khbikram","followers_url":"https://api.github.com/users/khbikram/followers","following_url":"https://api.github.com/users/khbikram/following{/other_user}","gists_url":"https://api.github.com/users/khbikram/gists{/gist_id}","starred_url":"https://api.github.com/users/khbikram/starred{/owner}{/repo}","subscriptions_url":"https://api.github.com/users/khbikram/subscriptions","organizations_url":"https://api.github.com/users/khbikram/orgs","repos_url":"https://api.github.com/users/khbikram/repos","events_url":"https://api.github.com/users/khbikram/events{/privacy}","received_events_url":"https://api.github.com/users/khbikram/received_events","type":"User","user_view_type":"private","site_admin":false,"name":null,"company":null,"blog":"","location":null,"email":null,"hireable":null,"bio":null,"twitter_username":null,"notification_email":null,"public_repos":2,"public_gists":0,"followers":0,"following":0,"created_at":"2021-05-14T18:26:50Z","updated_at":"2025-04-24T15:58:03Z","private_gists":0,"total_private_repos":1,"owned_private_repos":1,"disk_usage":3541,"collaborators":0,"two_factor_authentication":false,"plan":{"name":"free","space":976562499,"collaborators":0,"private_repos":10000}}
[info] 
[info] ✔  Success! Logged into GitHub as khbikram 
[info] 
